<?xml version="1.0" encoding="UTF-8"?>
<!-- Generated by org.testng.reporters.JUnitXMLReporter -->
<testsuite ignored="5" hostname="DESKTOP-08FLTCQ" failures="0" tests="9" name="FBFBFB" time="0.167" errors="0" timestamp="2022-08-04T07:59:17 IST">
  <testcase classname="TestNG.Demo8$demo7" name="test3" time="0.021"/>
  <testcase classname="TestNG.Demo8$demo7" name="test4" time="0.007"/>
  <testcase classname="TestNG.Demo8$demo7" name="test5" time="0.003"/>
  <testcase classname="TestNG.Demo8$demo7" name="test6" time="0.005"/>
  <testcase classname="TestNG.Demo8$demo7" name="test7" time="0.002"/>
  <testcase classname="TestNG.Demo9$demo7" name="test10" time="0.002"/>
  <testcase classname="TestNG.Demo9$demo7" name="test12" time="0.004"/>
  <testcase classname="TestNG.Demo9$demo7" name="test13" time="0.007"/>
  <testcase classname="TestNG.Demo9$demo7" name="test9" time="0.003"/>
  <testcase classname="TestNG.Demo8$demo7" name="test2" time="0.0">
    <ignored/>
  </testcase> <!-- test2 -->
  <testcase classname="TestNG.Demo8$demo7" name="test1" time="0.0">
    <ignored/>
  </testcase> <!-- test1 -->
  <testcase classname="TestNG.Demo9$demo7" name="test11" time="0.0">
    <ignored/>
  </testcase> <!-- test11 -->
  <testcase classname="TestNG.Demo9$demo7" name="test14" time="0.0">
    <ignored/>
  </testcase> <!-- test14 -->
  <testcase classname="TestNG.Demo9$demo7" name="test15" time="0.0">
    <ignored/>
  </testcase> <!-- test15 -->
</testsuite> <!-- FBFBFB -->
