<?xml version="1.0" encoding="UTF-8"?>
<!-- Generated by org.testng.reporters.JUnitXMLReporter -->
<testsuite ignored="4" hostname="DESKTOP-08FLTCQ" failures="0" tests="3" name="bhshbch" time="0.118" errors="0" timestamp="2022-08-03T07:09:41 IST">
  <testcase classname="TestNG.demo7" name="test3" time="0.022"/>
  <testcase classname="TestNG.demo7" name="test4" time="0.002"/>
  <testcase classname="TestNG.demo7" name="test7" time="0.003"/>
  <testcase classname="TestNG.demo7" name="test1" time="0.0">
    <ignored/>
  </testcase> <!-- test1 -->
  <testcase classname="TestNG.demo7" name="test2" time="0.0">
    <ignored/>
  </testcase> <!-- test2 -->
  <testcase classname="TestNG.demo7" name="test5" time="0.0">
    <ignored/>
  </testcase> <!-- test5 -->
  <testcase classname="TestNG.demo7" name="test6" time="0.0">
    <ignored/>
  </testcase> <!-- test6 -->
</testsuite> <!-- bhshbch -->
