<?xml version="1.0" encoding="UTF-8"?>
<testng-results ignored="0" total="2" passed="2" failed="0" skipped="0">
  <reporter-output>
  </reporter-output>
  <suite started-at="2022-08-08T22:40:05 IST" name="MultibrowserTesting" finished-at="2022-08-08T22:41:21 IST" duration-ms="75837">
    <groups>
    </groups>
    <test started-at="2022-08-08T22:40:05 IST" name="chrome1" finished-at="2022-08-08T22:40:55 IST" duration-ms="50450">
      <class name="TestNG.CT_1">
        <test-method signature="test(java.lang.String)[pri:0, instance:TestNG.CT_1@bef2d72]" started-at="2022-08-08T22:40:05 IST" name="test" finished-at="2022-08-08T22:40:55 IST" duration-ms="50214" status="PASS">
          <params>
            <param index="0">
              <value>
                <![CDATA[chrome]]>
              </value>
            </param>
          </params>
          <reporter-output>
          </reporter-output>
        </test-method> <!-- test -->
      </class> <!-- TestNG.CT_1 -->
    </test> <!-- chrome1 -->
    <test started-at="2022-08-08T22:40:05 IST" name="Firefox" finished-at="2022-08-08T22:41:21 IST" duration-ms="75837">
      <class name="TestNG.CT_1">
        <test-method signature="test(java.lang.String)[pri:0, instance:TestNG.CT_1@3d51f06e]" started-at="2022-08-08T22:40:05 IST" name="test" finished-at="2022-08-08T22:41:21 IST" duration-ms="75786" status="PASS">
          <params>
            <param index="0">
              <value>
                <![CDATA[firefox]]>
              </value>
            </param>
          </params>
          <reporter-output>
          </reporter-output>
        </test-method> <!-- test -->
      </class> <!-- TestNG.CT_1 -->
    </test> <!-- Firefox -->
  </suite> <!-- MultibrowserTesting -->
</testng-results>
