<?xml version="1.0" encoding="UTF-8"?>
<!-- Generated by org.testng.reporters.JUnitXMLReporter -->
<testsuite ignored="0" hostname="DESKTOP-08FLTCQ" failures="0" tests="94" name="test1" time="0.516" errors="0" timestamp="2022-08-03T07:04:50 IST">
  <testcase classname="TestNG.Demo4" name="test2" time="0.022"/>
  <testcase classname="TestNG.Demo4" name="test4" time="0.005"/>
  <testcase classname="TestNG.Demo4" name="test7" time="0.002"/>
  <testcase classname="TestNG.Demo4" name="test1" time="0.004"/>
  <testcase classname="TestNG.Demo4" name="test1" time="0.003"/>
  <testcase classname="TestNG.Demo4" name="test1" time="0.005"/>
  <testcase classname="TestNG.Demo4" name="test1" time="0.002"/>
  <testcase classname="TestNG.Demo4" name="test1" time="0.002"/>
  <testcase classname="TestNG.Demo4" name="test1" time="0.002"/>
  <testcase classname="TestNG.Demo4" name="test1" time="0.003"/>
  <testcase classname="TestNG.Demo4" name="test1" time="0.002"/>
  <testcase classname="TestNG.Demo4" name="test1" time="0.002"/>
  <testcase classname="TestNG.Demo4" name="test1" time="0.001"/>
  <testcase classname="TestNG.Demo4" name="test1" time="0.01"/>
  <testcase classname="TestNG.Demo4" name="test1" time="0.004"/>
  <testcase classname="TestNG.Demo4" name="test1" time="0.002"/>
  <testcase classname="TestNG.Demo4" name="test1" time="0.002"/>
  <testcase classname="TestNG.Demo4" name="test1" time="0.003"/>
  <testcase classname="TestNG.Demo4" name="test1" time="0.002"/>
  <testcase classname="TestNG.Demo4" name="test1" time="0.002"/>
  <testcase classname="TestNG.Demo4" name="test1" time="0.002"/>
  <testcase classname="TestNG.Demo4" name="test1" time="0.003"/>
  <testcase classname="TestNG.Demo4" name="test1" time="0.002"/>
  <testcase classname="TestNG.Demo4" name="test1" time="0.003"/>
  <testcase classname="TestNG.Demo4" name="test1" time="0.005"/>
  <testcase classname="TestNG.Demo4" name="test1" time="0.001"/>
  <testcase classname="TestNG.Demo4" name="test1" time="0.001"/>
  <testcase classname="TestNG.Demo4" name="test1" time="0.001"/>
  <testcase classname="TestNG.Demo4" name="test1" time="0.002"/>
  <testcase classname="TestNG.Demo4" name="test1" time="0.002"/>
  <testcase classname="TestNG.Demo4" name="test1" time="0.0"/>
  <testcase classname="TestNG.Demo4" name="test1" time="0.0"/>
  <testcase classname="TestNG.Demo4" name="test1" time="0.002"/>
  <testcase classname="TestNG.Demo4" name="test1" time="0.001"/>
  <testcase classname="TestNG.Demo4" name="test1" time="0.001"/>
  <testcase classname="TestNG.Demo4" name="test1" time="0.001"/>
  <testcase classname="TestNG.Demo4" name="test1" time="0.001"/>
  <testcase classname="TestNG.Demo4" name="test1" time="0.001"/>
  <testcase classname="TestNG.Demo4" name="test1" time="0.002"/>
  <testcase classname="TestNG.Demo4" name="test1" time="0.002"/>
  <testcase classname="TestNG.Demo4" name="test1" time="0.003"/>
  <testcase classname="TestNG.Demo4" name="test1" time="0.001"/>
  <testcase classname="TestNG.Demo4" name="test1" time="0.003"/>
  <testcase classname="TestNG.Demo4" name="test1" time="0.0"/>
  <testcase classname="TestNG.Demo4" name="test1" time="0.001"/>
  <testcase classname="TestNG.Demo4" name="test1" time="0.0"/>
  <testcase classname="TestNG.Demo4" name="test1" time="0.001"/>
  <testcase classname="TestNG.Demo4" name="test1" time="0.001"/>
  <testcase classname="TestNG.Demo4" name="test1" time="0.003"/>
  <testcase classname="TestNG.Demo4" name="test1" time="0.001"/>
  <testcase classname="TestNG.Demo4" name="test1" time="0.001"/>
  <testcase classname="TestNG.Demo4" name="test1" time="0.002"/>
  <testcase classname="TestNG.Demo4" name="test1" time="0.001"/>
  <testcase classname="TestNG.Demo4" name="test1" time="0.001"/>
  <testcase classname="TestNG.Demo4" name="test1" time="0.001"/>
  <testcase classname="TestNG.Demo4" name="test1" time="0.0"/>
  <testcase classname="TestNG.Demo4" name="test1" time="0.001"/>
  <testcase classname="TestNG.Demo4" name="test1" time="0.002"/>
  <testcase classname="TestNG.Demo4" name="test1" time="0.001"/>
  <testcase classname="TestNG.Demo4" name="test1" time="0.001"/>
  <testcase classname="TestNG.Demo4" name="test1" time="0.001"/>
  <testcase classname="TestNG.Demo4" name="test1" time="0.001"/>
  <testcase classname="TestNG.Demo4" name="test1" time="0.008"/>
  <testcase classname="TestNG.Demo4" name="test1" time="0.002"/>
  <testcase classname="TestNG.Demo4" name="test1" time="0.002"/>
  <testcase classname="TestNG.Demo4" name="test1" time="0.001"/>
  <testcase classname="TestNG.Demo4" name="test1" time="0.0"/>
  <testcase classname="TestNG.Demo4" name="test1" time="0.001"/>
  <testcase classname="TestNG.Demo4" name="test1" time="0.002"/>
  <testcase classname="TestNG.Demo4" name="test1" time="0.001"/>
  <testcase classname="TestNG.Demo4" name="test1" time="0.002"/>
  <testcase classname="TestNG.Demo4" name="test1" time="0.0"/>
  <testcase classname="TestNG.Demo4" name="test1" time="0.0"/>
  <testcase classname="TestNG.Demo4" name="test1" time="0.001"/>
  <testcase classname="TestNG.Demo4" name="test1" time="0.001"/>
  <testcase classname="TestNG.Demo4" name="test1" time="0.001"/>
  <testcase classname="TestNG.Demo4" name="test1" time="0.001"/>
  <testcase classname="TestNG.Demo4" name="test1" time="0.002"/>
  <testcase classname="TestNG.Demo4" name="test1" time="0.0"/>
  <testcase classname="TestNG.Demo4" name="test1" time="0.003"/>
  <testcase classname="TestNG.Demo4" name="test1" time="0.001"/>
  <testcase classname="TestNG.Demo4" name="test1" time="0.0"/>
  <testcase classname="TestNG.Demo4" name="test1" time="0.004"/>
  <testcase classname="TestNG.Demo4" name="test1" time="0.002"/>
  <testcase classname="TestNG.Demo4" name="test1" time="0.006"/>
  <testcase classname="TestNG.Demo4" name="test1" time="0.002"/>
  <testcase classname="TestNG.Demo4" name="test1" time="0.002"/>
  <testcase classname="TestNG.Demo4" name="test1" time="0.001"/>
  <testcase classname="TestNG.Demo4" name="test1" time="0.002"/>
  <testcase classname="TestNG.Demo4" name="test1" time="0.001"/>
  <testcase classname="TestNG.Demo4" name="test1" time="0.0"/>
  <testcase classname="TestNG.Demo4" name="test1" time="0.001"/>
  <testcase classname="TestNG.Demo4" name="test5" time="0.002"/>
  <testcase classname="TestNG.Demo4" name="test3" time="0.003"/>
</testsuite> <!-- test1 -->
